<?xml version="1.0" encoding="UTF-8"?>
<testng-results skipped="0" failed="0" ignored="0" total="1" passed="1">
  <reporter-output>
  </reporter-output>
  <suite name="Suite" duration-ms="20781" started-at="2018-02-06T19:59:16Z" finished-at="2018-02-06T19:59:37Z">
    <groups>
    </groups>
    <test name="Test" duration-ms="20781" started-at="2018-02-06T19:59:16Z" finished-at="2018-02-06T19:59:37Z">
      <class name="Report1.SmartReport1.DownloadReport1">
        <test-method status="PASS" signature="cpaReport()[pri:0, instance:Report1.SmartReport1.DownloadReport1@7cf10a6f]" name="cpaReport" duration-ms="20747" started-at="2018-02-07T01:29:16Z" finished-at="2018-02-07T01:29:37Z">
          <reporter-output>
          </reporter-output>
        </test-method> <!-- cpaReport -->
      </class> <!-- Report1.SmartReport1.DownloadReport1 -->
    </test> <!-- Test -->
  </suite> <!-- Suite -->
</testng-results>
