<?xml version="1.0" encoding="UTF-8"?>
<testng-results skipped="0" failed="0" ignored="0" total="1" passed="1">
  <reporter-output>
  </reporter-output>
  <suite name="Default suite" duration-ms="19602" started-at="2018-02-06T19:55:27Z" finished-at="2018-02-06T19:55:46Z">
    <groups>
    </groups>
    <test name="Default test" duration-ms="19602" started-at="2018-02-06T19:55:27Z" finished-at="2018-02-06T19:55:46Z">
      <class name="Report1.SmartReport1.DownloadReport1">
        <test-method status="PASS" signature="cpaReport()[pri:0, instance:Report1.SmartReport1.DownloadReport1@6767c1fc]" name="cpaReport" duration-ms="19476" started-at="2018-02-07T01:25:27Z" finished-at="2018-02-07T01:25:46Z">
          <reporter-output>
          </reporter-output>
        </test-method> <!-- cpaReport -->
      </class> <!-- Report1.SmartReport1.DownloadReport1 -->
    </test> <!-- Default test -->
  </suite> <!-- Default suite -->
</testng-results>
